<?xml version="1.0" encoding="UTF-8" standalone="no"?>
<testng-results failed="0" passed="13" skipped="0" total="13">
    <suite duration-ms="377592" name="io.cucumber.core.plugin.TestNGFormatter">
        <test duration-ms="377592" name="io.cucumber.core.plugin.TestNGFormatter">
            <class name="Brandstore1">
                <test-method duration-ms="22451" finished-at="2022-05-23T13:48:02.657Z"
                             name="Senaryo10 (Enson tiklanan ürün sol kategoriler altinda bulunan &quot;Son görüntülenenler&quot; kisminda listeleniyor mu?)"
                             started-at="2022-05-23T13:47:40.199Z" status="PASS"/>
                <test-method duration-ms="66814" finished-at="2022-05-23T13:49:09.485Z"
                             name="Senaryo13 (sepete ürün ekle ve satın al)" started-at="2022-05-23T13:48:02.667Z"
                             status="PASS"/>
            </class>
            <class name="Feature1">
                <test-method duration-ms="37645" finished-at="2022-05-23T13:49:47.135Z"
                             name="Senaryo1 (anasayfada bütün resimler tanımlı mı)"
                             started-at="2022-05-23T13:49:09.490Z" status="PASS"/>
                <test-method duration-ms="30442" finished-at="2022-05-23T13:50:17.587Z"
                             name="Senaryo2 Tüm ürünler (Tüm ürünlerin resimleri ve fiyat bilgileri var mi)"
                             started-at="2022-05-23T13:49:47.142Z" status="PASS"/>
                <test-method duration-ms="14035" finished-at="2022-05-23T13:50:31.627Z"
                             name="Senaryo3 Tüm ürünler (kategoriler dropdown calisiyor mu)"
                             started-at="2022-05-23T13:50:17.591Z" status="PASS"/>
                <test-method duration-ms="36778" finished-at="2022-05-23T13:51:08.410Z"
                             name="Senaryo4  Tüm ürünler (siralama islemi düzgün calisiyor mu)"
                             started-at="2022-05-23T13:50:31.631Z" status="PASS"/>
                <test-method duration-ms="26265" finished-at="2022-05-23T13:51:34.681Z"
                             name="Senaryo5  Tüm ürünler (Ürün filtreleme düzgün calisiyor mu(renk)?)"
                             started-at="2022-05-23T13:51:08.415Z" status="PASS"/>
                <test-method duration-ms="25086" finished-at="2022-05-23T13:51:59.773Z"
                             name="Senaryo6  Tüm ürünler (Ürün filtreleme düzgün calisiyor mu(boyut)?)"
                             started-at="2022-05-23T13:51:34.685Z" status="PASS"/>
                <test-method duration-ms="27035" finished-at="2022-05-23T13:52:26.814Z"
                             name="Senaryo7  Tüm ürünler (Ürün filtreleme düzgün calisiyor mu(material)?)"
                             started-at="2022-05-23T13:51:59.777Z" status="PASS"/>
                <test-method duration-ms="26132" finished-at="2022-05-23T13:52:52.951Z"
                             name="Senaryo8  Tüm ürünler (Ürün filtreleme düzgün calisiyor mu(Gender)?)"
                             started-at="2022-05-23T13:52:26.818Z" status="PASS"/>
            </class>
            <class name="Featuere3">
                <test-method duration-ms="22284" finished-at="2022-05-23T13:53:15.239Z"
                             name="Senaryo9 (Favorilere ürün eklenip, kaldirilabiliyor mu?)"
                             started-at="2022-05-23T13:52:52.954Z" status="PASS"/>
                <test-method duration-ms="15782" finished-at="2022-05-23T13:53:31.026Z"
                             name="Senaryo11 (Arama fonksiyonu düzenli calisiyor mu?)"
                             started-at="2022-05-23T13:53:15.244Z" status="PASS"/>
                <test-method duration-ms="26150" finished-at="2022-05-23T13:53:57.182Z"
                             name="Senaryo12 (  Scenario: Senaryo12 (Ürün karsilastirmasi yapilabiliyor mu?)"
                             started-at="2022-05-23T13:53:31.030Z" status="PASS"/>
            </class>
        </test>
    </suite>
</testng-results>
